<?xml version="1.0" encoding="UTF-8" ?>
<testsuite errors="0" failures="0" hostname="DESKTOP-RVDF1NF" name="sistemaAutogestion.Test3_05ListarBicicletasDeEstacion" skipped="0" tests="7" time="0.083" timestamp="2025-11-18T18:52:55">
  <properties>
[...]
</properties>
  <testcase classname="sistemaAutogestion.Test3_05ListarBicicletasDeEstacion" name="testListarBicicletasEstacionOrdenCrecienteOk" time="0.01" />
  <testcase classname="sistemaAutogestion.Test3_05ListarBicicletasDeEstacion" name="testListarBicicletasEstacionInexistente" time="0.0" />
  <testcase classname="sistemaAutogestion.Test3_05ListarBicicletasDeEstacion" name="testListarBicicletasEstacionNull" time="0.0" />
  <testcase classname="sistemaAutogestion.Test3_05ListarBicicletasDeEstacion" name="testListarBicicletasEstacionVacia" time="0.0" />
  <testcase classname="sistemaAutogestion.Test3_05ListarBicicletasDeEstacion" name="testListarBicicletasEstacionConUnaBiciOk" time="0.0" />
  <testcase classname="sistemaAutogestion.Test3_05ListarBicicletasDeEstacion" name="testListarBicicletasMultiplesEstaciones" time="0.001" />
  <testcase classname="sistemaAutogestion.Test3_05ListarBicicletasDeEstacion" name="testListarBicicletasEstacionVaciaOk" time="0.0" />
  <system-out><![CDATA[]]></system-out>
  <system-err><![CDATA[]]></system-err>
</testsuite>
